# JRE version: Java(TM) SE Runtime Environment (8.0_05-b13) (build 1.8.0_05-b13)
# Java VM: Java HotSpot(TM) 64-Bit Server VM (25.5-b02 mixed mode windows-amd64 compressed oops)
Heap:
 PSYoungGen      total 9728K, used 3189K [0x0000000780400000, 0x0000000781100000, 0x00000007c0000000)
  eden space 7680K, 15% used [0x0000000780400000,0x0000000780523de8,0x0000000780b80000)
  from space 2048K, 98% used [0x0000000780e00000,0x0000000780ff9910,0x0000000781000000)
  to   space 2560K, 0% used [0x0000000780b80000,0x0000000780b80000,0x0000000780e00000)
 ParOldGen       total 195072K, used 1929K [0x0000000700c00000, 0x000000070ca80000, 0x0000000780400000)
  object space 195072K, 0% used [0x0000000700c00000,0x0000000700de26d8,0x000000070ca80000)
 Metaspace       used 6821K, capacity 7203K, committed 7424K, reserved 1056768K
  class space    used 657K, capacity 688K, committed 768K, reserved 1048576K
GC Heap History (10 events):
Event: 0.263 GC heap before
{Heap before GC invocations=4 (full 0):
 PSYoungGen      total 1536K, used 1520K [0x0000000780400000, 0x0000000780700000, 0x00000007c0000000)
  eden space 1024K, 100% used [0x0000000780400000,0x0000000780500000,0x0000000780500000)
  from space 512K, 96% used [0x0000000780500000,0x000000078057c010,0x0000000780580000)
  to   space 512K, 0% used [0x0000000780680000,0x0000000780680000,0x0000000780700000)
 ParOldGen       total 195072K, used 443K [0x0000000700c00000, 0x000000070ca80000, 0x0000000780400000)
  object space 195072K, 0% used [0x0000000700c00000,0x0000000700c6ee90,0x000000070ca80000)
 Metaspace       used 3787K, capacity 4832K, committed 5120K, reserved 1056768K
  class space    used 419K, capacity 464K, committed 512K, reserved 1048576K
Event: 0.263 GC heap after
Heap after GC invocations=4 (full 0):
 PSYoungGen      total 2560K, used 512K [0x0000000780400000, 0x0000000780700000, 0x00000007c0000000)
  eden space 2048K, 0% used [0x0000000780400000,0x0000000780400000,0x0000000780600000)
  from space 512K, 100% used [0x0000000780680000,0x0000000780700000,0x0000000780700000)
  to   space 512K, 0% used [0x0000000780600000,0x0000000780600000,0x0000000780680000)
 ParOldGen       total 195072K, used 539K [0x0000000700c00000, 0x000000070ca80000, 0x0000000780400000)
  object space 195072K, 0% used [0x0000000700c00000,0x0000000700c86e90,0x000000070ca80000)
 Metaspace       used 3787K, capacity 4832K, committed 5120K, reserved 1056768K
  class space    used 419K, capacity 464K, committed 512K, reserved 1048576K
}
Event: 0.323 GC heap before
{Heap before GC invocations=5 (full 0):
 PSYoungGen      total 2560K, used 2560K [0x0000000780400000, 0x0000000780700000, 0x00000007c0000000)
  eden space 2048K, 100% used [0x0000000780400000,0x0000000780600000,0x0000000780600000)
  from space 512K, 100% used [0x0000000780680000,0x0000000780700000,0x0000000780700000)
  to   space 512K, 0% used [0x0000000780600000,0x0000000780600000,0x0000000780680000)
 ParOldGen       total 195072K, used 539K [0x0000000700c00000, 0x000000070ca80000, 0x0000000780400000)
  object space 195072K, 0% used [0x0000000700c00000,0x0000000700c86e90,0x000000070ca80000)
 Metaspace       used 4382K, capacity 5248K, committed 5376K, reserved 1056768K
  class space    used 478K, capacity 496K, committed 512K, reserved 1048576K
Event: 0.324 GC heap after
Heap after GC invocations=5 (full 0):
 PSYoungGen      total 2560K, used 496K [0x0000000780400000, 0x0000000780b00000, 0x00000007c0000000)
  eden space 2048K, 0% used [0x0000000780400000,0x0000000780400000,0x0000000780600000)
  from space 512K, 96% used [0x0000000780600000,0x000000078067c010,0x0000000780680000)
  to   space 1536K, 0% used [0x0000000780980000,0x0000000780980000,0x0000000780b00000)
 ParOldGen       total 195072K, used 1061K [0x0000000700c00000, 0x000000070ca80000, 0x0000000780400000)
  object space 195072K, 0% used [0x0000000700c00000,0x0000000700d09610,0x000000070ca80000)
 Metaspace       used 4382K, capacity 5248K, committed 5376K, reserved 1056768K
  class space    used 478K, capacity 496K, committed 512K, reserved 1048576K
}
Event: 0.546 GC heap before
{Heap before GC invocations=6 (full 0):
 PSYoungGen      total 2560K, used 2541K [0x0000000780400000, 0x0000000780b00000, 0x00000007c0000000)
  eden space 2048K, 99% used [0x0000000780400000,0x00000007805ff618,0x0000000780600000)
  from space 512K, 96% used [0x0000000780600000,0x000000078067c010,0x0000000780680000)
  to   space 1536K, 0% used [0x0000000780980000,0x0000000780980000,0x0000000780b00000)
 ParOldGen       total 195072K, used 1061K [0x0000000700c00000, 0x000000070ca80000, 0x0000000780400000)
  object space 195072K, 0% used [0x0000000700c00000,0x0000000700d09610,0x000000070ca80000)
 Metaspace       used 5475K, capacity 6083K, committed 6272K, reserved 1056768K
  class space    used 546K, capacity 592K, committed 640K, reserved 1048576K
Event: 0.548 GC heap after
Heap after GC invocations=6 (full 0):
 PSYoungGen      total 5632K, used 1048K [0x0000000780400000, 0x0000000780b00000, 0x00000007c0000000)
  eden space 4096K, 0% used [0x0000000780400000,0x0000000780400000,0x0000000780800000)
  from space 1536K, 68% used [0x0000000780980000,0x0000000780a86028,0x0000000780b00000)
  to   space 1536K, 0% used [0x0000000780800000,0x0000000780800000,0x0000000780980000)
 ParOldGen       total 195072K, used 1069K [0x0000000700c00000, 0x000000070ca80000, 0x0000000780400000)
  object space 195072K, 0% used [0x0000000700c00000,0x0000000700d0b610,0x000000070ca80000)
 Metaspace       used 5475K, capacity 6083K, committed 6272K, reserved 1056768K
  class space    used 546K, capacity 592K, committed 640K, reserved 1048576K
}
Event: 0.894 GC heap before
{Heap before GC invocations=7 (full 0):
 PSYoungGen      total 5632K, used 5144K [0x0000000780400000, 0x0000000780b00000, 0x00000007c0000000)
  eden space 4096K, 100% used [0x0000000780400000,0x0000000780800000,0x0000000780800000)
  from space 1536K, 68% used [0x0000000780980000,0x0000000780a86028,0x0000000780b00000)
  to   space 1536K, 0% used [0x0000000780800000,0x0000000780800000,0x0000000780980000)
 ParOldGen       total 195072K, used 1069K [0x0000000700c00000, 0x000000070ca80000, 0x0000000780400000)
  object space 195072K, 0% used [0x0000000700c00000,0x0000000700d0b610,0x000000070ca80000)
 Metaspace       used 6481K, capacity 6915K, committed 7168K, reserved 1056768K
  class space    used 623K, capacity 656K, committed 768K, reserved 1048576K
Event: 0.896 GC heap after
Heap after GC invocations=7 (full 0):
 PSYoungGen      total 5632K, used 1506K [0x0000000780400000, 0x0000000781000000, 0x00000007c0000000)
  eden space 4096K, 0% used [0x0000000780400000,0x0000000780400000,0x0000000780800000)
  from space 1536K, 98% used [0x0000000780800000,0x0000000780978980,0x0000000780980000)
  to   space 2048K, 0% used [0x0000000780e00000,0x0000000780e00000,0x0000000781000000)
 ParOldGen       total 195072K, used 1541K [0x0000000700c00000, 0x000000070ca80000, 0x0000000780400000)
  object space 195072K, 0% used [0x0000000700c00000,0x0000000700d816c0,0x000000070ca80000)
 Metaspace       used 6481K, capacity 6915K, committed 7168K, reserved 1056768K
  class space    used 623K, capacity 656K, committed 768K, reserved 1048576K
}
Event: 0.990 GC heap before
{Heap before GC invocations=8 (full 0):
 PSYoungGen      total 5632K, used 5600K [0x0000000780400000, 0x0000000781000000, 0x00000007c0000000)
  eden space 4096K, 99% used [0x0000000780400000,0x00000007807ffa78,0x0000000780800000)
  from space 1536K, 98% used [0x0000000780800000,0x0000000780978980,0x0000000780980000)
  to   space 2048K, 0% used [0x0000000780e00000,0x0000000780e00000,0x0000000781000000)
 ParOldGen       total 195072K, used 1541K [0x0000000700c00000, 0x000000070ca80000, 0x0000000780400000)
  object space 195072K, 0% used [0x0000000700c00000,0x0000000700d816c0,0x000000070ca80000)
 Metaspace       used 6783K, capacity 7203K, committed 7424K, reserved 1056768K
  class space    used 655K, capacity 688K, committed 768K, reserved 1048576K
Event: 0.992 GC heap after
Heap after GC invocations=8 (full 0):
 PSYoungGen      total 9728K, used 2022K [0x0000000780400000, 0x0000000781100000, 0x00000007c0000000)
  eden space 7680K, 0% used [0x0000000780400000,0x0000000780400000,0x0000000780b80000)
  from space 2048K, 98% used [0x0000000780e00000,0x0000000780ff9910,0x0000000781000000)
  to   space 2560K, 0% used [0x0000000780b80000,0x0000000780b80000,0x0000000780e00000)
 ParOldGen       total 195072K, used 1929K [0x0000000700c00000, 0x000000070ca80000, 0x0000000780400000)
  object space 195072K, 0% used [0x0000000700c00000,0x0000000700de26d8,0x000000070ca80000)
 Metaspace       used 6783K, capacity 7203K, committed 7424K, reserved 1056768K
  class space    used 655K, capacity 688K, committed 768K, reserved 1048576K
}

