# JRE version: Java(TM) SE Runtime Environment (8.0_05-b13) (build 1.8.0_05-b13)
# Java VM: Java HotSpot(TM) 64-Bit Server VM (25.5-b02 mixed mode windows-amd64 compressed oops)
Heap:
 PSYoungGen      total 9728K, used 8978K [0x0000000780400000, 0x0000000781100000, 0x00000007c0000000)
  eden space 7680K, 90% used [0x0000000780400000,0x0000000780ac7020,0x0000000780b80000)
  from space 2048K, 99% used [0x0000000780e00000,0x0000000780ffd920,0x0000000781000000)
  to   space 2560K, 0% used [0x0000000780b80000,0x0000000780b80000,0x0000000780e00000)
 ParOldGen       total 195072K, used 1804K [0x0000000700c00000, 0x000000070ca80000, 0x0000000780400000)
  object space 195072K, 0% used [0x0000000700c00000,0x0000000700dc3178,0x000000070ca80000)
 Metaspace       used 14164K, capacity 14291K, committed 14592K, reserved 1062912K
  class space    used 1642K, capacity 1665K, committed 1792K, reserved 1048576K
GC Heap History (10 events):
Event: 0.258 GC heap before
{Heap before GC invocations=4 (full 0):
 PSYoungGen      total 1536K, used 1520K [0x0000000780400000, 0x0000000780700000, 0x00000007c0000000)
  eden space 1024K, 100% used [0x0000000780400000,0x0000000780500000,0x0000000780500000)
  from space 512K, 96% used [0x0000000780500000,0x000000078057c010,0x0000000780580000)
  to   space 512K, 0% used [0x0000000780680000,0x0000000780680000,0x0000000780700000)
 ParOldGen       total 195072K, used 462K [0x0000000700c00000, 0x000000070ca80000, 0x0000000780400000)
  object space 195072K, 0% used [0x0000000700c00000,0x0000000700c739f0,0x000000070ca80000)
 Metaspace       used 3787K, capacity 4832K, committed 5120K, reserved 1056768K
  class space    used 419K, capacity 464K, committed 512K, reserved 1048576K
Event: 0.259 GC heap after
Heap after GC invocations=4 (full 0):
 PSYoungGen      total 2560K, used 480K [0x0000000780400000, 0x0000000780700000, 0x00000007c0000000)
  eden space 2048K, 0% used [0x0000000780400000,0x0000000780400000,0x0000000780600000)
  from space 512K, 93% used [0x0000000780680000,0x00000007806f8020,0x0000000780700000)
  to   space 512K, 0% used [0x0000000780600000,0x0000000780600000,0x0000000780680000)
 ParOldGen       total 195072K, used 582K [0x0000000700c00000, 0x000000070ca80000, 0x0000000780400000)
  object space 195072K, 0% used [0x0000000700c00000,0x0000000700c919f0,0x000000070ca80000)
 Metaspace       used 3787K, capacity 4832K, committed 5120K, reserved 1056768K
  class space    used 419K, capacity 464K, committed 512K, reserved 1048576K
}
Event: 0.319 GC heap before
{Heap before GC invocations=5 (full 0):
 PSYoungGen      total 2560K, used 2528K [0x0000000780400000, 0x0000000780700000, 0x00000007c0000000)
  eden space 2048K, 100% used [0x0000000780400000,0x0000000780600000,0x0000000780600000)
  from space 512K, 93% used [0x0000000780680000,0x00000007806f8020,0x0000000780700000)
  to   space 512K, 0% used [0x0000000780600000,0x0000000780600000,0x0000000780680000)
 ParOldGen       total 195072K, used 582K [0x0000000700c00000, 0x000000070ca80000, 0x0000000780400000)
  object space 195072K, 0% used [0x0000000700c00000,0x0000000700c919f0,0x000000070ca80000)
 Metaspace       used 4383K, capacity 5248K, committed 5376K, reserved 1056768K
  class space    used 478K, capacity 496K, committed 512K, reserved 1048576K
Event: 0.320 GC heap after
Heap after GC invocations=5 (full 0):
 PSYoungGen      total 2560K, used 496K [0x0000000780400000, 0x0000000780b00000, 0x00000007c0000000)
  eden space 2048K, 0% used [0x0000000780400000,0x0000000780400000,0x0000000780600000)
  from space 512K, 96% used [0x0000000780600000,0x000000078067c010,0x0000000780680000)
  to   space 1536K, 0% used [0x0000000780980000,0x0000000780980000,0x0000000780b00000)
 ParOldGen       total 195072K, used 1067K [0x0000000700c00000, 0x000000070ca80000, 0x0000000780400000)
  object space 195072K, 0% used [0x0000000700c00000,0x0000000700d0ac88,0x000000070ca80000)
 Metaspace       used 4383K, capacity 5248K, committed 5376K, reserved 1056768K
  class space    used 478K, capacity 496K, committed 512K, reserved 1048576K
}
Event: 0.500 GC heap before
{Heap before GC invocations=6 (full 0):
 PSYoungGen      total 2560K, used 2530K [0x0000000780400000, 0x0000000780b00000, 0x00000007c0000000)
  eden space 2048K, 99% used [0x0000000780400000,0x00000007805fca70,0x0000000780600000)
  from space 512K, 96% used [0x0000000780600000,0x000000078067c010,0x0000000780680000)
  to   space 1536K, 0% used [0x0000000780980000,0x0000000780980000,0x0000000780b00000)
 ParOldGen       total 195072K, used 1067K [0x0000000700c00000, 0x000000070ca80000, 0x0000000780400000)
  object space 195072K, 0% used [0x0000000700c00000,0x0000000700d0ac88,0x000000070ca80000)
 Metaspace       used 5479K, capacity 6083K, committed 6272K, reserved 1056768K
  class space    used 546K, capacity 592K, committed 640K, reserved 1048576K
Event: 0.503 GC heap after
Heap after GC invocations=6 (full 0):
 PSYoungGen      total 5632K, used 1012K [0x0000000780400000, 0x0000000780b00000, 0x00000007c0000000)
  eden space 4096K, 0% used [0x0000000780400000,0x0000000780400000,0x0000000780800000)
  from space 1536K, 65% used [0x0000000780980000,0x0000000780a7d200,0x0000000780b00000)
  to   space 1536K, 0% used [0x0000000780800000,0x0000000780800000,0x0000000780980000)
 ParOldGen       total 195072K, used 1075K [0x0000000700c00000, 0x000000070ca80000, 0x0000000780400000)
  object space 195072K, 0% used [0x0000000700c00000,0x0000000700d0cc88,0x000000070ca80000)
 Metaspace       used 5479K, capacity 6083K, committed 6272K, reserved 1056768K
  class space    used 546K, capacity 592K, committed 640K, reserved 1048576K
}
Event: 0.680 GC heap before
{Heap before GC invocations=7 (full 0):
 PSYoungGen      total 5632K, used 5108K [0x0000000780400000, 0x0000000780b00000, 0x00000007c0000000)
  eden space 4096K, 100% used [0x0000000780400000,0x0000000780800000,0x0000000780800000)
  from space 1536K, 65% used [0x0000000780980000,0x0000000780a7d200,0x0000000780b00000)
  to   space 1536K, 0% used [0x0000000780800000,0x0000000780800000,0x0000000780980000)
 ParOldGen       total 195072K, used 1075K [0x0000000700c00000, 0x000000070ca80000, 0x0000000780400000)
  object space 195072K, 0% used [0x0000000700c00000,0x0000000700d0cc88,0x000000070ca80000)
 Metaspace       used 6382K, capacity 6851K, committed 7168K, reserved 1056768K
  class space    used 615K, capacity 656K, committed 768K, reserved 1048576K
Event: 0.682 GC heap after
Heap after GC invocations=7 (full 0):
 PSYoungGen      total 5632K, used 1514K [0x0000000780400000, 0x0000000781000000, 0x00000007c0000000)
  eden space 4096K, 0% used [0x0000000780400000,0x0000000780400000,0x0000000780800000)
  from space 1536K, 98% used [0x0000000780800000,0x000000078097a990,0x0000000780980000)
  to   space 2048K, 0% used [0x0000000780e00000,0x0000000780e00000,0x0000000781000000)
 ParOldGen       total 195072K, used 1530K [0x0000000700c00000, 0x000000070ca80000, 0x0000000780400000)
  object space 195072K, 0% used [0x0000000700c00000,0x0000000700d7eb58,0x000000070ca80000)
 Metaspace       used 6382K, capacity 6851K, committed 7168K, reserved 1056768K
  class space    used 615K, capacity 656K, committed 768K, reserved 1048576K
}
Event: 0.786 GC heap before
{Heap before GC invocations=8 (full 0):
 PSYoungGen      total 5632K, used 5610K [0x0000000780400000, 0x0000000781000000, 0x00000007c0000000)
  eden space 4096K, 100% used [0x0000000780400000,0x0000000780800000,0x0000000780800000)
  from space 1536K, 98% used [0x0000000780800000,0x000000078097a990,0x0000000780980000)
  to   space 2048K, 0% used [0x0000000780e00000,0x0000000780e00000,0x0000000781000000)
 ParOldGen       total 195072K, used 1530K [0x0000000700c00000, 0x000000070ca80000, 0x0000000780400000)
  object space 195072K, 0% used [0x0000000700c00000,0x0000000700d7eb58,0x000000070ca80000)
 Metaspace       used 6549K, capacity 6979K, committed 7168K, reserved 1056768K
  class space    used 632K, capacity 656K, committed 768K, reserved 1048576K
Event: 0.788 GC heap after
Heap after GC invocations=8 (full 0):
 PSYoungGen      total 9728K, used 2038K [0x0000000780400000, 0x0000000781100000, 0x00000007c0000000)
  eden space 7680K, 0% used [0x0000000780400000,0x0000000780400000,0x0000000780b80000)
  from space 2048K, 99% used [0x0000000780e00000,0x0000000780ffd920,0x0000000781000000)
  to   space 2560K, 0% used [0x0000000780b80000,0x0000000780b80000,0x0000000780e00000)
 ParOldGen       total 195072K, used 1804K [0x0000000700c00000, 0x000000070ca80000, 0x0000000780400000)
  object space 195072K, 0% used [0x0000000700c00000,0x0000000700dc3178,0x000000070ca80000)
 Metaspace       used 6549K, capacity 6979K, committed 7168K, reserved 1056768K
  class space    used 632K, capacity 656K, committed 768K, reserved 1048576K
}

